[16:37:18] [main/INFO]: Logging in with username & password
[16:37:29] [main/INFO]: Setting user: seffers122
[16:37:32] [Client thread/INFO]: LWJGL Version: 2.9.1
[16:37[16:37:34] [Client thread/INFO]: LWJGL Version: 2.9.1
[16:37:3[16:37:41] [Client thread/INFO]: Reloading ResourceManager: D[16:37:43] [Client thread/INFO]: Reloading ResourceManager: Default, FMLFileResourcePack:Forge Mod Loader, FMLFileResourcePack:Minecraft Forge, FMLFileResourcePack:ArcCraft
[[16:37:48] [Client thread/INFO]: Created: 512x256 textures/bl[16:37:50] [Client thread/INFO]: Created: 512x256 textures/blocks-atlas
[16:37:50] [Client thread/INFO]: Created: 256x256 textures/items-atlas
[16:37:51] [Client thread/INFO]: Reloading ResourceManager: Default, FMLFileResourcePack:Forge Mod Loader, FMLFileResourcePack:Minecraft Forge, FMLFileResourcePack:ArcCraft
[16:37:51] [Client thread/INFO]: Created: 512x256 textures/blocks-atlas
[16:37:51] [Client thread/INFO]: Created: 256x256 textures/items-atlas
[[16:38:01] [Client thread/INFO]: Stopping!
 engine started
[16:38:07] [Server thread/INFO]: Starting integrated minecraft server version 1.7.10
[16:38:07] [Server thread/INFO]: Generating keypair
[16:38:08] [Server thread/INFO]: Preparing start region for level 0
[16:38:09] [Server thread/INFO]: Preparing spawn area: 41%
[16:38:10] [Server thread/INFO]: Changing view distance to 8, from 10
[16:38:11] [Server thread/INFO]: seffers122[local:E:379f4498] logged in with entity id 116 at (1057.2177664440035, 4.0, -817.8148335352529)
[16:38:11] [Server thread/INFO]: seffers122 joined the game
[16:38:48] [Client thread/INFO]: Stopping!
[16:38:48] [Server thread/INFO]: Stopping server
[16:38:49] [Server thread/INFO]: Saving players
[16:38:49] [Server thread/INFO]: Saving worlds
[16:38:49] [Server thread/INFO]: Saving chunks for level 'New World'/Overworld
[16:38:49] [Server thread/INFO]: Saving chunks for level 'New World'/Nether
[16:38:49] [Server thread/INFO]: Saving chunks for level 'New World'/The End
[16:38:49] [Client Shutdown Thread/INFO]: Stopping server
[16:38:49] [Client Shutdown Thread/INFO]: Saving players
